<?xml version="1.0" encoding="UTF-8"?>
<testsuite xmlns:xsi="http://www.w3.org/2001/XMLSchema-instance" xsi:noNamespaceSchemaLocation="https://maven.apache.org/surefire/maven-surefire-plugin/xsd/surefire-test-report-3.0.xsd" version="3.0" name="TestSuite" time="19.442" tests="1" errors="0" skipped="0" failures="0">
  <properties>
    <property name="java.specification.version" value="14"/>
    <property name="webdriver.chrome.driver" value="/Users/pr243589/Desktop/Drivers/chromedriver"/>
    <property name="sun.jnu.encoding" value="UTF-8"/>
    <property name="java.class.path" value="/Users/pr243589/eclipse-workspace/inetbankingV1/target/test-classes:/Users/pr243589/eclipse-workspace/inetbankingV1/target/classes:/Users/pr243589/.m2/repository/junit/junit/4.11/junit-4.11.jar:/Users/pr243589/.m2/repository/org/hamcrest/hamcrest-core/1.3/hamcrest-core-1.3.jar:/Users/pr243589/.m2/repository/org/seleniumhq/selenium/selenium-java/3.141.59/selenium-java-3.141.59.jar:/Users/pr243589/.m2/repository/org/seleniumhq/selenium/selenium-api/3.141.59/selenium-api-3.141.59.jar:/Users/pr243589/.m2/repository/org/seleniumhq/selenium/selenium-chrome-driver/3.141.59/selenium-chrome-driver-3.141.59.jar:/Users/pr243589/.m2/repository/org/seleniumhq/selenium/selenium-edge-driver/3.141.59/selenium-edge-driver-3.141.59.jar:/Users/pr243589/.m2/repository/org/seleniumhq/selenium/selenium-firefox-driver/3.141.59/selenium-firefox-driver-3.141.59.jar:/Users/pr243589/.m2/repository/org/seleniumhq/selenium/selenium-ie-driver/3.141.59/selenium-ie-driver-3.141.59.jar:/Users/pr243589/.m2/repository/org/seleniumhq/selenium/selenium-opera-driver/3.141.59/selenium-opera-driver-3.141.59.jar:/Users/pr243589/.m2/repository/org/seleniumhq/selenium/selenium-remote-driver/3.141.59/selenium-remote-driver-3.141.59.jar:/Users/pr243589/.m2/repository/org/seleniumhq/selenium/selenium-safari-driver/3.141.59/selenium-safari-driver-3.141.59.jar:/Users/pr243589/.m2/repository/org/seleniumhq/selenium/selenium-support/3.141.59/selenium-support-3.141.59.jar:/Users/pr243589/.m2/repository/net/bytebuddy/byte-buddy/1.8.15/byte-buddy-1.8.15.jar:/Users/pr243589/.m2/repository/org/apache/commons/commons-exec/1.3/commons-exec-1.3.jar:/Users/pr243589/.m2/repository/com/google/guava/guava/25.0-jre/guava-25.0-jre.jar:/Users/pr243589/.m2/repository/com/google/code/findbugs/jsr305/1.3.9/jsr305-1.3.9.jar:/Users/pr243589/.m2/repository/org/checkerframework/checker-compat-qual/2.0.0/checker-compat-qual-2.0.0.jar:/Users/pr243589/.m2/repository/com/google/errorprone/error_prone_annotations/2.1.3/error_prone_annotations-2.1.3.jar:/Users/pr243589/.m2/repository/com/google/j2objc/j2objc-annotations/1.1/j2objc-annotations-1.1.jar:/Users/pr243589/.m2/repository/org/codehaus/mojo/animal-sniffer-annotations/1.14/animal-sniffer-annotations-1.14.jar:/Users/pr243589/.m2/repository/com/squareup/okhttp3/okhttp/3.11.0/okhttp-3.11.0.jar:/Users/pr243589/.m2/repository/com/squareup/okio/okio/1.14.0/okio-1.14.0.jar:/Users/pr243589/.m2/repository/org/testng/testng/7.1.0/testng-7.1.0.jar:/Users/pr243589/.m2/repository/com/beust/jcommander/1.72/jcommander-1.72.jar:/Users/pr243589/.m2/repository/com/google/inject/guice/4.1.0/guice-4.1.0-no_aop.jar:/Users/pr243589/.m2/repository/javax/inject/javax.inject/1/javax.inject-1.jar:/Users/pr243589/.m2/repository/aopalliance/aopalliance/1.0/aopalliance-1.0.jar:/Users/pr243589/.m2/repository/org/yaml/snakeyaml/1.21/snakeyaml-1.21.jar:/Users/pr243589/.m2/repository/org/apache/poi/poi/4.1.2/poi-4.1.2.jar:/Users/pr243589/.m2/repository/commons-codec/commons-codec/1.13/commons-codec-1.13.jar:/Users/pr243589/.m2/repository/org/apache/commons/commons-collections4/4.4/commons-collections4-4.4.jar:/Users/pr243589/.m2/repository/org/apache/commons/commons-math3/3.6.1/commons-math3-3.6.1.jar:/Users/pr243589/.m2/repository/com/zaxxer/SparseBitSet/1.2/SparseBitSet-1.2.jar:/Users/pr243589/.m2/repository/org/apache/poi/poi-ooxml/4.1.2/poi-ooxml-4.1.2.jar:/Users/pr243589/.m2/repository/org/apache/poi/poi-ooxml-schemas/4.1.2/poi-ooxml-schemas-4.1.2.jar:/Users/pr243589/.m2/repository/org/apache/xmlbeans/xmlbeans/3.1.0/xmlbeans-3.1.0.jar:/Users/pr243589/.m2/repository/org/apache/commons/commons-compress/1.19/commons-compress-1.19.jar:/Users/pr243589/.m2/repository/com/github/virtuald/curvesapi/1.06/curvesapi-1.06.jar:/Users/pr243589/.m2/repository/com/aventstack/extentreports/4.0.9/extentreports-4.0.9.jar:/Users/pr243589/.m2/repository/org/freemarker/freemarker/2.3.23/freemarker-2.3.23.jar:/Users/pr243589/.m2/repository/org/mongodb/mongodb-driver/3.3.0/mongodb-driver-3.3.0.jar:/Users/pr243589/.m2/repository/org/mongodb/mongodb-driver-core/3.3.0/mongodb-driver-core-3.3.0.jar:/Users/pr243589/.m2/repository/org/mongodb/bson/3.3.0/bson-3.3.0.jar:/Users/pr243589/.m2/repository/org/apache/httpcomponents/httpclient/4.5.2/httpclient-4.5.2.jar:/Users/pr243589/.m2/repository/org/apache/httpcomponents/httpcore/4.4.4/httpcore-4.4.4.jar:/Users/pr243589/.m2/repository/commons-logging/commons-logging/1.2/commons-logging-1.2.jar:/Users/pr243589/.m2/repository/org/apache/httpcomponents/httpmime/4.5.2/httpmime-4.5.2.jar:/Users/pr243589/.m2/repository/com/google/code/gson/gson/2.8.5/gson-2.8.5.jar:/Users/pr243589/.m2/repository/org/apache/commons/commons-lang3/3.10/commons-lang3-3.10.jar:/Users/pr243589/.m2/repository/commons-io/commons-io/2.6/commons-io-2.6.jar:/Users/pr243589/.m2/repository/log4j/log4j/1.2.17/log4j-1.2.17.jar:"/>
    <property name="java.vm.vendor" value="Oracle Corporation"/>
    <property name="sun.arch.data.model" value="64"/>
    <property name="java.vendor.url" value="https://java.oracle.com/"/>
    <property name="user.timezone" value="Europe/London"/>
    <property name="os.name" value="Mac OS X"/>
    <property name="java.vm.specification.version" value="14"/>
    <property name="sun.java.launcher" value="SUN_STANDARD"/>
    <property name="user.country" value="GB"/>
    <property name="sun.boot.library.path" value="/Library/Java/JavaVirtualMachines/jdk-14.0.2.jdk/Contents/Home/lib"/>
    <property name="sun.java.command" value="/Users/pr243589/eclipse-workspace/inetbankingV1/target/surefire/surefirebooter16447663467297442677.jar /Users/pr243589/eclipse-workspace/inetbankingV1/target/surefire 2020-08-25T19-04-54_619-jvmRun1 surefire631392522185213179tmp surefire_013649564655034651292tmp"/>
    <property name="http.nonProxyHosts" value="local|*.local|169.254/16|*.169.254/16"/>
    <property name="jdk.debug" value="release"/>
    <property name="surefire.test.class.path" value="/Users/pr243589/eclipse-workspace/inetbankingV1/target/test-classes:/Users/pr243589/eclipse-workspace/inetbankingV1/target/classes:/Users/pr243589/.m2/repository/junit/junit/4.11/junit-4.11.jar:/Users/pr243589/.m2/repository/org/hamcrest/hamcrest-core/1.3/hamcrest-core-1.3.jar:/Users/pr243589/.m2/repository/org/seleniumhq/selenium/selenium-java/3.141.59/selenium-java-3.141.59.jar:/Users/pr243589/.m2/repository/org/seleniumhq/selenium/selenium-api/3.141.59/selenium-api-3.141.59.jar:/Users/pr243589/.m2/repository/org/seleniumhq/selenium/selenium-chrome-driver/3.141.59/selenium-chrome-driver-3.141.59.jar:/Users/pr243589/.m2/repository/org/seleniumhq/selenium/selenium-edge-driver/3.141.59/selenium-edge-driver-3.141.59.jar:/Users/pr243589/.m2/repository/org/seleniumhq/selenium/selenium-firefox-driver/3.141.59/selenium-firefox-driver-3.141.59.jar:/Users/pr243589/.m2/repository/org/seleniumhq/selenium/selenium-ie-driver/3.141.59/selenium-ie-driver-3.141.59.jar:/Users/pr243589/.m2/repository/org/seleniumhq/selenium/selenium-opera-driver/3.141.59/selenium-opera-driver-3.141.59.jar:/Users/pr243589/.m2/repository/org/seleniumhq/selenium/selenium-remote-driver/3.141.59/selenium-remote-driver-3.141.59.jar:/Users/pr243589/.m2/repository/org/seleniumhq/selenium/selenium-safari-driver/3.141.59/selenium-safari-driver-3.141.59.jar:/Users/pr243589/.m2/repository/org/seleniumhq/selenium/selenium-support/3.141.59/selenium-support-3.141.59.jar:/Users/pr243589/.m2/repository/net/bytebuddy/byte-buddy/1.8.15/byte-buddy-1.8.15.jar:/Users/pr243589/.m2/repository/org/apache/commons/commons-exec/1.3/commons-exec-1.3.jar:/Users/pr243589/.m2/repository/com/google/guava/guava/25.0-jre/guava-25.0-jre.jar:/Users/pr243589/.m2/repository/com/google/code/findbugs/jsr305/1.3.9/jsr305-1.3.9.jar:/Users/pr243589/.m2/repository/org/checkerframework/checker-compat-qual/2.0.0/checker-compat-qual-2.0.0.jar:/Users/pr243589/.m2/repository/com/google/errorprone/error_prone_annotations/2.1.3/error_prone_annotations-2.1.3.jar:/Users/pr243589/.m2/repository/com/google/j2objc/j2objc-annotations/1.1/j2objc-annotations-1.1.jar:/Users/pr243589/.m2/repository/org/codehaus/mojo/animal-sniffer-annotations/1.14/animal-sniffer-annotations-1.14.jar:/Users/pr243589/.m2/repository/com/squareup/okhttp3/okhttp/3.11.0/okhttp-3.11.0.jar:/Users/pr243589/.m2/repository/com/squareup/okio/okio/1.14.0/okio-1.14.0.jar:/Users/pr243589/.m2/repository/org/testng/testng/7.1.0/testng-7.1.0.jar:/Users/pr243589/.m2/repository/com/beust/jcommander/1.72/jcommander-1.72.jar:/Users/pr243589/.m2/repository/com/google/inject/guice/4.1.0/guice-4.1.0-no_aop.jar:/Users/pr243589/.m2/repository/javax/inject/javax.inject/1/javax.inject-1.jar:/Users/pr243589/.m2/repository/aopalliance/aopalliance/1.0/aopalliance-1.0.jar:/Users/pr243589/.m2/repository/org/yaml/snakeyaml/1.21/snakeyaml-1.21.jar:/Users/pr243589/.m2/repository/org/apache/poi/poi/4.1.2/poi-4.1.2.jar:/Users/pr243589/.m2/repository/commons-codec/commons-codec/1.13/commons-codec-1.13.jar:/Users/pr243589/.m2/repository/org/apache/commons/commons-collections4/4.4/commons-collections4-4.4.jar:/Users/pr243589/.m2/repository/org/apache/commons/commons-math3/3.6.1/commons-math3-3.6.1.jar:/Users/pr243589/.m2/repository/com/zaxxer/SparseBitSet/1.2/SparseBitSet-1.2.jar:/Users/pr243589/.m2/repository/org/apache/poi/poi-ooxml/4.1.2/poi-ooxml-4.1.2.jar:/Users/pr243589/.m2/repository/org/apache/poi/poi-ooxml-schemas/4.1.2/poi-ooxml-schemas-4.1.2.jar:/Users/pr243589/.m2/repository/org/apache/xmlbeans/xmlbeans/3.1.0/xmlbeans-3.1.0.jar:/Users/pr243589/.m2/repository/org/apache/commons/commons-compress/1.19/commons-compress-1.19.jar:/Users/pr243589/.m2/repository/com/github/virtuald/curvesapi/1.06/curvesapi-1.06.jar:/Users/pr243589/.m2/repository/com/aventstack/extentreports/4.0.9/extentreports-4.0.9.jar:/Users/pr243589/.m2/repository/org/freemarker/freemarker/2.3.23/freemarker-2.3.23.jar:/Users/pr243589/.m2/repository/org/mongodb/mongodb-driver/3.3.0/mongodb-driver-3.3.0.jar:/Users/pr243589/.m2/repository/org/mongodb/mongodb-driver-core/3.3.0/mongodb-driver-core-3.3.0.jar:/Users/pr243589/.m2/repository/org/mongodb/bson/3.3.0/bson-3.3.0.jar:/Users/pr243589/.m2/repository/org/apache/httpcomponents/httpclient/4.5.2/httpclient-4.5.2.jar:/Users/pr243589/.m2/repository/org/apache/httpcomponents/httpcore/4.4.4/httpcore-4.4.4.jar:/Users/pr243589/.m2/repository/commons-logging/commons-logging/1.2/commons-logging-1.2.jar:/Users/pr243589/.m2/repository/org/apache/httpcomponents/httpmime/4.5.2/httpmime-4.5.2.jar:/Users/pr243589/.m2/repository/com/google/code/gson/gson/2.8.5/gson-2.8.5.jar:/Users/pr243589/.m2/repository/org/apache/commons/commons-lang3/3.10/commons-lang3-3.10.jar:/Users/pr243589/.m2/repository/commons-io/commons-io/2.6/commons-io-2.6.jar:/Users/pr243589/.m2/repository/log4j/log4j/1.2.17/log4j-1.2.17.jar:"/>
    <property name="sun.cpu.endian" value="little"/>
    <property name="user.home" value="/Users/pr243589"/>
    <property name="user.language" value="en"/>
    <property name="java.specification.vendor" value="Oracle Corporation"/>
    <property name="java.version.date" value="2020-07-14"/>
    <property name="java.home" value="/Library/Java/JavaVirtualMachines/jdk-14.0.2.jdk/Contents/Home"/>
    <property name="file.separator" value="/"/>
    <property name="basedir" value="/Users/pr243589/eclipse-workspace/inetbankingV1"/>
    <property name="java.vm.compressedOopsMode" value="Zero based"/>
    <property name="line.separator" value="&#10;"/>
    <property name="java.specification.name" value="Java Platform API Specification"/>
    <property name="java.vm.specification.vendor" value="Oracle Corporation"/>
    <property name="surefire.real.class.path" value="/Users/pr243589/eclipse-workspace/inetbankingV1/target/surefire/surefirebooter16447663467297442677.jar"/>
    <property name="sun.management.compiler" value="HotSpot 64-Bit Tiered Compilers"/>
    <property name="ftp.nonProxyHosts" value="local|*.local|169.254/16|*.169.254/16"/>
    <property name="java.runtime.version" value="14.0.2+12-46"/>
    <property name="user.name" value="pr243589"/>
    <property name="path.separator" value=":"/>
    <property name="os.version" value="10.15.6"/>
    <property name="java.runtime.name" value="Java(TM) SE Runtime Environment"/>
    <property name="file.encoding" value="UTF-8"/>
    <property name="java.vm.name" value="Java HotSpot(TM) 64-Bit Server VM"/>
    <property name="localRepository" value="/Users/pr243589/.m2/repository"/>
    <property name="java.vendor.url.bug" value="https://bugreport.java.com/bugreport/"/>
    <property name="java.io.tmpdir" value="/var/folders/1c/pz_qws5x3h33gnz25cm5r4hr0000gp/T/"/>
    <property name="java.version" value="14.0.2"/>
    <property name="user.dir" value="/Users/pr243589/eclipse-workspace/inetbankingV1"/>
    <property name="os.arch" value="x86_64"/>
    <property name="java.vm.specification.name" value="Java Virtual Machine Specification"/>
    <property name="java.library.path" value="/Users/pr243589/Library/Java/Extensions:/Library/Java/Extensions:/Network/Library/Java/Extensions:/System/Library/Java/Extensions:/usr/lib/java:."/>
    <property name="java.vm.info" value="mixed mode, sharing"/>
    <property name="java.vendor" value="Oracle Corporation"/>
    <property name="java.vm.version" value="14.0.2+12-46"/>
    <property name="sun.io.unicode.encoding" value="UnicodeBig"/>
    <property name="socksNonProxyHosts" value="local|*.local|169.254/16|*.169.254/16"/>
    <property name="java.class.version" value="58.0"/>
  </properties>
  <testcase name="addNewCustomer" classname="com.intebanking.testCases.TC_AddCustomer_003" time="12.933">
    <system-out><![CDATA[user.dir//test-output//Test-Report-2020.08.25.04.57.html
All details submitted
Test case Passed
]]></system-out>
    <system-err><![CDATA[Starting ChromeDriver 84.0.4147.30 (48b3e868b4cc0aa7e8149519690b6f6949e110a8-refs/branch-heads/4147@{#310}) on port 13844
Only local connections are allowed.
Please see https://chromedriver.chromium.org/security-considerations for suggestions on keeping ChromeDriver safe.
[1598378697.725][WARNING]: FromSockAddr failed on netmask
ChromeDriver was started successfully.
Aug 25, 2020 7:04:59 PM org.openqa.selenium.remote.ProtocolHandshake createSession
INFO: Detected dialect: W3C
]]></system-err>
  </testcase>
</testsuite>