<?xml version="1.0" encoding="UTF-8"?>
<!-- Generated by org.testng.reporters.JUnitReportReporter -->
<testsuite hostname="C02Y21M4JG5J" failures="0" tests="1" name="com.intebanking.testCases.Tc_LoginTest_001" time="4.179" errors="0" timestamp="2020-08-25T16:02:23 BST" skipped="0">
  <testcase classname="com.intebanking.testCases.Tc_LoginTest_001" name="loginTest" time="4.179"/>
  <system-out/>
</testsuite> <!-- com.intebanking.testCases.Tc_LoginTest_001 -->
