<?xml version="1.0" encoding="UTF-8"?>
<!-- Generated by org.testng.reporters.JUnitReportReporter -->
<testsuite hostname="C02Y21M4JG5J" failures="0" tests="1" name="com.intebanking.testCases.TC_AddCustomer_003" time="12.934" errors="0" timestamp="2020-08-25T19:05:16 BST" skipped="0">
  <testcase classname="com.intebanking.testCases.TC_AddCustomer_003" name="addNewCustomer" time="12.934"/>
  <system-out/>
</testsuite> <!-- com.intebanking.testCases.TC_AddCustomer_003 -->
